[     192ms] [INFO] %cDownload the React DevTools for a better development experience: https://react.dev/link/react-devtools font-weight:bold @ http://localhost:5180/node_modules/.vite/deps/react-dom_client.js?v=6fd7071d:14335
[  360438ms] [ERROR] Failed to load resource: the server responded with a status of 504 (Gateway Timeout) @ http://127.0.0.1:8200/sessions/sess_5f61509e021b/chunks/c1/audio.variant?engine=f5&filtered=true:0
[ 1009210ms] [ERROR] Failed to load resource: net::ERR_NETWORK_IO_SUSPENDED @ http://127.0.0.1:8200/sessions/sess_5f61509e021b/chunks/c1/audio.variant?engine=f5&filtered=true:0
[ 1009905ms] [LOG] [vite] server connection lost. Polling for restart... @ http://localhost:5180/@vite/client:992
[ 1012303ms] [ERROR] Failed to load resource: net::ERR_NETWORK_IO_SUSPENDED @ http://127.0.0.1:8200/sessions/sess_5f61509e021b/chunks/c1/audio.variant?engine=f5&filtered=true:0
[ 1019367ms] [INFO] %cDownload the React DevTools for a better development experience: https://react.dev/link/react-devtools font-weight:bold @ http://localhost:5180/node_modules/.vite/deps/react-dom_client.js?v=6fd7071d:14335
[ 4059046ms] [ERROR] Failed to load resource: the server responded with a status of 504 (Gateway Timeout) @ http://127.0.0.1:8200/sessions/sess_5f61509e021b/chunks/c1/audio.variant?engine=f5&filtered=true:0
[29889152ms] [ERROR] Failed to load resource: net::ERR_CONNECTION_REFUSED @ http://127.0.0.1:8200/sessions/sess_5f61509e021b/chunks/c1/audio:0
[30092522ms] [LOG] [vite] server connection lost. Polling for restart... @ http://localhost:5180/@vite/client:992
[30092810ms] [INFO] %cDownload the React DevTools for a better development experience: https://react.dev/link/react-devtools font-weight:bold @ http://localhost:5180/node_modules/.vite/deps/react-dom_client.js?v=6fd7071d:14335
[30373130ms] [LOG] [vite] server connection lost. Polling for restart... @ http://localhost:5180/@vite/client:992
[30373556ms] [INFO] %cDownload the React DevTools for a better development experience: https://react.dev/link/react-devtools font-weight:bold @ http://localhost:5180/node_modules/.vite/deps/react-dom_client.js?v=6fd7071d:14335
[30652043ms] [ERROR] The final argument passed to %s changed size between renders. The order and size of this array must remain constant.

Previous: %s
Incoming: %s useEffect [1] [1, http://127.0.0.1:8200/sessions/sess_5f61509e021b/chunks/c1/audio] @ http://localhost:5180/@vite/client:524
[31436305ms] ReferenceError: setActiveSegment is not defined
    at SessionShell (http://localhost:5180/src/components/SessionShell.tsx?t=1782392246757:150:23)
    at Object.react_stack_bottom_frame (http://localhost:5180/node_modules/.vite/deps/react-dom_client.js?v=6fd7071d:12866:12)
    at renderWithHooks (http://localhost:5180/node_modules/.vite/deps/react-dom_client.js?v=6fd7071d:4213:19)
    at updateFunctionComponent (http://localhost:5180/node_modules/.vite/deps/react-dom_client.js?v=6fd7071d:5569:16)
    at beginWork (http://localhost:5180/node_modules/.vite/deps/react-dom_client.js?v=6fd7071d:6140:20)
    at runWithFiberInDEV (http://localhost:5180/node_modules/.vite/deps/react-dom_client.js?v=6fd7071d:851:66)
    at performUnitOfWork (http://localhost:5180/node_modules/.vite/deps/react-dom_client.js?v=6fd7071d:8429:92)
    at workLoopSync (http://localhost:5180/node_modules/.vite/deps/react-dom_client.js?v=6fd7071d:8325:37)
    at renderRootSync (http://localhost:5180/node_modules/.vite/deps/react-dom_client.js?v=6fd7071d:8309:6)
    at performWorkOnRoot (http://localhost:5180/node_modules/.vite/deps/react-dom_client.js?v=6fd7071d:7994:27)
[31436300ms] [WARNING] %s

%s
 An error occurred in the <SessionShell> component. Consider adding an error boundary to your tree to customize error handling behavior.
Visit https://react.dev/link/error-boundaries to learn more about error boundaries. @ http://localhost:5180/@vite/client:524
[31493970ms] ReferenceError: ClickableRow is not defined
    at http://localhost:5180/src/components/RightRail.tsx?t=1782392304408:170:76
    at Array.map (<anonymous>)
    at RightRail (http://localhost:5180/src/components/RightRail.tsx?t=1782392304408:170:38)
    at Object.react_stack_bottom_frame (http://localhost:5180/node_modules/.vite/deps/react-dom_client.js?v=6fd7071d:12866:12)
    at renderWithHooks (http://localhost:5180/node_modules/.vite/deps/react-dom_client.js?v=6fd7071d:4213:19)
    at updateFunctionComponent (http://localhost:5180/node_modules/.vite/deps/react-dom_client.js?v=6fd7071d:5569:16)
    at beginWork (http://localhost:5180/node_modules/.vite/deps/react-dom_client.js?v=6fd7071d:6140:20)
    at runWithFiberInDEV (http://localhost:5180/node_modules/.vite/deps/react-dom_client.js?v=6fd7071d:851:66)
    at performUnitOfWork (http://localhost:5180/node_modules/.vite/deps/react-dom_client.js?v=6fd7071d:8429:92)
    at workLoopSync (http://localhost:5180/node_modules/.vite/deps/react-dom_client.js?v=6fd7071d:8325:37)
[31493965ms] [WARNING] %s

%s
 An error occurred in the <RightRail> component. Consider adding an error boundary to your tree to customize error handling behavior.
Visit https://react.dev/link/error-boundaries to learn more about error boundaries. @ http://localhost:5180/@vite/client:524
[31502832ms] ReferenceError: ClickableRow is not defined
    at http://localhost:5180/src/components/RightRail.tsx?t=1782392313091:170:76
    at Array.map (<anonymous>)
    at RightRail (http://localhost:5180/src/components/RightRail.tsx?t=1782392313091:170:38)
    at Object.react_stack_bottom_frame (http://localhost:5180/node_modules/.vite/deps/react-dom_client.js?v=6fd7071d:12866:12)
    at renderWithHooks (http://localhost:5180/node_modules/.vite/deps/react-dom_client.js?v=6fd7071d:4213:19)
    at updateFunctionComponent (http://localhost:5180/node_modules/.vite/deps/react-dom_client.js?v=6fd7071d:5569:16)
    at beginWork (http://localhost:5180/node_modules/.vite/deps/react-dom_client.js?v=6fd7071d:6140:20)
    at runWithFiberInDEV (http://localhost:5180/node_modules/.vite/deps/react-dom_client.js?v=6fd7071d:851:66)
    at performUnitOfWork (http://localhost:5180/node_modules/.vite/deps/react-dom_client.js?v=6fd7071d:8429:92)
    at workLoopSync (http://localhost:5180/node_modules/.vite/deps/react-dom_client.js?v=6fd7071d:8325:37)
[31502832ms] [WARNING] %s

%s
 An error occurred in the <RightRail> component. Consider adding an error boundary to your tree to customize error handling behavior.
Visit https://react.dev/link/error-boundaries to learn more about error boundaries. @ http://localhost:5180/@vite/client:524
[31516309ms] ReferenceError: ClickableRow is not defined
    at http://localhost:5180/src/components/RightRail.tsx?t=1782392326633:170:76
    at Array.map (<anonymous>)
    at RightRail (http://localhost:5180/src/components/RightRail.tsx?t=1782392326633:170:38)
    at Object.react_stack_bottom_frame (http://localhost:5180/node_modules/.vite/deps/react-dom_client.js?v=6fd7071d:12866:12)
    at renderWithHooks (http://localhost:5180/node_modules/.vite/deps/react-dom_client.js?v=6fd7071d:4213:19)
    at updateFunctionComponent (http://localhost:5180/node_modules/.vite/deps/react-dom_client.js?v=6fd7071d:5569:16)
    at beginWork (http://localhost:5180/node_modules/.vite/deps/react-dom_client.js?v=6fd7071d:6140:20)
    at runWithFiberInDEV (http://localhost:5180/node_modules/.vite/deps/react-dom_client.js?v=6fd7071d:851:66)
    at performUnitOfWork (http://localhost:5180/node_modules/.vite/deps/react-dom_client.js?v=6fd7071d:8429:92)
    at workLoopSync (http://localhost:5180/node_modules/.vite/deps/react-dom_client.js?v=6fd7071d:8325:37)
[31516308ms] [WARNING] %s

%s
 An error occurred in the <RightRail> component. Consider adding an error boundary to your tree to customize error handling behavior.
Visit https://react.dev/link/error-boundaries to learn more about error boundaries. @ http://localhost:5180/@vite/client:524
[31530895ms] ReferenceError: ClickableRow is not defined
    at http://localhost:5180/src/components/RightRail.tsx?t=1782392341239:170:76
    at Array.map (<anonymous>)
    at RightRail (http://localhost:5180/src/components/RightRail.tsx?t=1782392341239:170:38)
    at Object.react_stack_bottom_frame (http://localhost:5180/node_modules/.vite/deps/react-dom_client.js?v=6fd7071d:12866:12)
    at renderWithHooks (http://localhost:5180/node_modules/.vite/deps/react-dom_client.js?v=6fd7071d:4213:19)
    at updateFunctionComponent (http://localhost:5180/node_modules/.vite/deps/react-dom_client.js?v=6fd7071d:5569:16)
    at beginWork (http://localhost:5180/node_modules/.vite/deps/react-dom_client.js?v=6fd7071d:6140:20)
    at runWithFiberInDEV (http://localhost:5180/node_modules/.vite/deps/react-dom_client.js?v=6fd7071d:851:66)
    at performUnitOfWork (http://localhost:5180/node_modules/.vite/deps/react-dom_client.js?v=6fd7071d:8429:92)
    at workLoopSync (http://localhost:5180/node_modules/.vite/deps/react-dom_client.js?v=6fd7071d:8325:37)
[31530895ms] [WARNING] %s

%s
 An error occurred in the <RightRail> component. Consider adding an error boundary to your tree to customize error handling behavior.
Visit https://react.dev/link/error-boundaries to learn more about error boundaries. @ http://localhost:5180/@vite/client:524
[31744388ms] [LOG] [vite] server connection lost. Polling for restart... @ http://localhost:5180/@vite/client:992
[31744833ms] [INFO] %cDownload the React DevTools for a better development experience: https://react.dev/link/react-devtools font-weight:bold @ http://localhost:5180/node_modules/.vite/deps/react-dom_client.js?v=6fd7071d:14335
[35492767ms] [LOG] [vite] server connection lost. Polling for restart... @ http://localhost:5180/@vite/client:992
[35493063ms] [INFO] %cDownload the React DevTools for a better development experience: https://react.dev/link/react-devtools font-weight:bold @ http://localhost:5180/node_modules/.vite/deps/react-dom_client.js?v=6fd7071d:14335
